Using pre-set license
Built from '2020.3/staging' branch; Version is '2020.3.3f1 (76626098c1c4) revision 7758432'; Using compiler version '192528614'; Build Type 'Release'
OS: 'Windows 10 Pro; OS build 19042.928; Version 2009; 64bit' Language: 'en' Physical Memory: 16335 MB
BatchMode: 1, IsHumanControllingUs: 0, StartBugReporterOnCrash: 0, Is64bit: 1, IsPro: 0

 COMMAND LINE ARGUMENTS:
C:\Program Files\Unity\Hub\Editor\2020.3.3f1\Editor\Unity.exe
-adb2
-batchMode
-noUpm
-name
AssetImportWorker0
-projectPath
C:/Users/taylor/Documents/GKS/Glom
-logFile
Logs/AssetImportWorker0.log
-srvPort
57008
Successfully changed project path to: C:/Users/taylor/Documents/GKS/Glom
C:/Users/taylor/Documents/GKS/Glom
Using Asset Import Pipeline V2.
Refreshing native plugins compatible for Editor in 53.99 ms, found 0 plugins.
Preloading 0 native plugins for Editor in 0.00 ms.
Initialize engine version: 2020.3.3f1 (76626098c1c4)
[Subsystems] Discovering subsystems at path C:/Program Files/Unity/Hub/Editor/2020.3.3f1/Editor/Data/Resources/UnitySubsystems
[Subsystems] Discovering subsystems at path C:/Users/taylor/Documents/GKS/Glom/Assets
GfxDevice: creating device client; threaded=0
Direct3D:
    Version:  Direct3D 11.0 [level 11.1]
    Renderer: NVIDIA GeForce GTX 1060 6GB (ID=0x1c03)
    Vendor:   
    VRAM:     6052 MB
    Driver:   27.21.14.6589
Initialize mono
Mono path[0] = 'C:/Program Files/Unity/Hub/Editor/2020.3.3f1/Editor/Data/Managed'
Mono path[1] = 'C:/Program Files/Unity/Hub/Editor/2020.3.3f1/Editor/Data/MonoBleedingEdge/lib/mono/unityjit'
Mono config path = 'C:/Program Files/Unity/Hub/Editor/2020.3.3f1/Editor/Data/MonoBleedingEdge/etc'
Using monoOptions --debugger-agent=transport=dt_socket,embedding=1,server=y,suspend=n,address=127.0.0.1:56960
Begin MonoManager ReloadAssembly
Registering precompiled unity dll's ...
Register platform support module: C:/Program Files/Unity/Hub/Editor/2020.3.3f1/Editor/Data/PlaybackEngines/WindowsStandaloneSupport/UnityEditor.WindowsStandalone.Extensions.dll
Registered in 0.002660 seconds.
Native extension for WindowsStandalone target not found
Refreshing native plugins compatible for Editor in 46.54 ms, found 0 plugins.
Preloading 0 native plugins for Editor in 0.00 ms.
Invoked RoslynAnalysisRunner static constructor.
RoslynAnalysisRunner will not be running.
RoslynAnalysisRunner has terminated.
Mono: successfully reloaded assembly
- Completed reload, in  1.254 seconds
Platform modules already initialized, skipping
Registering precompiled user dll's ...
Registered in 0.004983 seconds.
Begin MonoManager ReloadAssembly
Native extension for WindowsStandalone target not found
Refreshing native plugins compatible for Editor in 0.58 ms, found 0 plugins.
Preloading 0 native plugins for Editor in 0.00 ms.
Invoked RoslynAnalysisRunner static constructor.
RoslynAnalysisRunner will not be running.
RoslynAnalysisRunner has terminated.
Mono: successfully reloaded assembly
- Completed reload, in  1.034 seconds
Platform modules already initialized, skipping
========================================================================
Worker process is ready to serve import requests
Launched and connected shader compiler UnityShaderCompiler.exe after 0.05 seconds
Refreshing native plugins compatible for Editor in 0.56 ms, found 0 plugins.
Preloading 0 native plugins for Editor in 0.00 ms.
Unloading 1602 Unused Serialized files (Serialized files now loaded: 0)
System memory in use before: 72.0 MB.
System memory in use after: 72.0 MB.

Unloading 37 unused Assets to reduce memory usage. Loaded Objects now: 2029.
Total: 2.417400 ms (FindLiveObjects: 0.251300 ms CreateObjectMapping: 0.046000 ms MarkObjects: 2.031700 ms  DeleteObjects: 0.087000 ms)

========================================================================
Received Import Request.
  path: Assets/Scripts/Utility/Camera/CameraController.cs
  artifactKey: Guid(b7437f8d8a0dcae439ab13ec7adb9a13) Importer(815301076,1909f56bfc062723c751e8b465ee728b)
Start importing Assets/Scripts/Utility/Camera/CameraController.cs using Guid(b7437f8d8a0dcae439ab13ec7adb9a13) Importer(815301076,1909f56bfc062723c751e8b465ee728b)  -> (artifact id: 'd0e40a9bda687a1b2667d5a505ad181e') in 0.034722 seconds
  Import took 0.038314 seconds .

========================================================================
Received Import Request.
  Time since last request: 3.935927 seconds.
  path: Assets/Scripts/CombatEngine.cs
  artifactKey: Guid(4f9e857f972ae3040b1b25c09dbfbc5d) Importer(815301076,1909f56bfc062723c751e8b465ee728b)
Start importing Assets/Scripts/CombatEngine.cs using Guid(4f9e857f972ae3040b1b25c09dbfbc5d) Importer(815301076,1909f56bfc062723c751e8b465ee728b)  -> (artifact id: '2963d8114dafee46249cba3c5ef598aa') in 0.008028 seconds
  Import took 0.011330 seconds .

========================================================================
Received Import Request.
  Time since last request: 0.000526 seconds.
  path: Assets/Scripts/CombatEngine.cs
  artifactKey: Guid(4f9e857f972ae3040b1b25c09dbfbc5d) Importer(815301076,1909f56bfc062723c751e8b465ee728b)
Start importing Assets/Scripts/CombatEngine.cs using Guid(4f9e857f972ae3040b1b25c09dbfbc5d) Importer(815301076,1909f56bfc062723c751e8b465ee728b)  -> (artifact id: '2963d8114dafee46249cba3c5ef598aa') in 0.002742 seconds
  Import took 0.005422 seconds .

========================================================================
Received Import Request.
  Time since last request: 30.486441 seconds.
  path: Assets/Scripts/Characters/Player/Spells/Burst.cs
  artifactKey: Guid(19faafd6ab5c87f499941718732e987f) Importer(815301076,1909f56bfc062723c751e8b465ee728b)
Start importing Assets/Scripts/Characters/Player/Spells/Burst.cs using Guid(19faafd6ab5c87f499941718732e987f) Importer(815301076,1909f56bfc062723c751e8b465ee728b)  -> (artifact id: '5d383be5c93e793cc7fc206032f92f17') in 0.006976 seconds
  Import took 0.010185 seconds .

========================================================================
Received Import Request.
  Time since last request: 2.566098 seconds.
  path: Assets/Scripts/Characters/Player/Spells/Burst1.cs
  artifactKey: Guid(c3d1639363e4b8f4984b137f00391e80) Importer(815301076,1909f56bfc062723c751e8b465ee728b)
Start importing Assets/Scripts/Characters/Player/Spells/Burst1.cs using Guid(c3d1639363e4b8f4984b137f00391e80) Importer(815301076,1909f56bfc062723c751e8b465ee728b)  -> (artifact id: 'fbfaa476381840eff4c4f9a0bf458417') in 0.007944 seconds
  Import took 0.011183 seconds .

========================================================================
Received Prepare
Registering precompiled user dll's ...
Registered in 0.005489 seconds.
Begin MonoManager ReloadAssembly
Native extension for WindowsStandalone target not found
Refreshing native plugins compatible for Editor in 0.59 ms, found 0 plugins.
Preloading 0 native plugins for Editor in 0.00 ms.
Invoked RoslynAnalysisRunner static constructor.
RoslynAnalysisRunner will not be running.
RoslynAnalysisRunner has terminated.
Mono: successfully reloaded assembly
- Completed reload, in  0.997 seconds
Platform modules already initialized, skipping
Refreshing native plugins compatible for Editor in 0.58 ms, found 0 plugins.
Preloading 0 native plugins for Editor in 0.00 ms.
Unloading 1597 Unused Serialized files (Serialized files now loaded: 0)
System memory in use before: 71.8 MB.
System memory in use after: 71.9 MB.

Unloading 28 unused Assets to reduce memory usage. Loaded Objects now: 2032.
Total: 2.028300 ms (FindLiveObjects: 0.209900 ms CreateObjectMapping: 0.043600 ms MarkObjects: 1.748900 ms  DeleteObjects: 0.024700 ms)

========================================================================
Received Import Request.
  Time since last request: 13.476149 seconds.
  path: Assets/Scripts/Characters/Player/Spells/Lance.cs
  artifactKey: Guid(a7b8887893d855b46b60e07c4086a8c4) Importer(815301076,1909f56bfc062723c751e8b465ee728b)
Start importing Assets/Scripts/Characters/Player/Spells/Lance.cs using Guid(a7b8887893d855b46b60e07c4086a8c4) Importer(815301076,1909f56bfc062723c751e8b465ee728b)  -> (artifact id: '3b3c181e71483e60d5049379726944b2') in 0.011091 seconds
  Import took 0.014738 seconds .

========================================================================
Received Prepare
Registering precompiled user dll's ...
Registered in 0.004796 seconds.
Begin MonoManager ReloadAssembly
Native extension for WindowsStandalone target not found
Refreshing native plugins compatible for Editor in 0.57 ms, found 0 plugins.
Preloading 0 native plugins for Editor in 0.00 ms.
Invoked RoslynAnalysisRunner static constructor.
RoslynAnalysisRunner will not be running.
RoslynAnalysisRunner has terminated.
Mono: successfully reloaded assembly
- Completed reload, in  1.003 seconds
Platform modules already initialized, skipping
Refreshing native plugins compatible for Editor in 0.59 ms, found 0 plugins.
Preloading 0 native plugins for Editor in 0.00 ms.
Unloading 1598 Unused Serialized files (Serialized files now loaded: 0)
System memory in use before: 71.8 MB.
System memory in use after: 71.9 MB.

Unloading 28 unused Assets to reduce memory usage. Loaded Objects now: 2036.
Total: 2.082200 ms (FindLiveObjects: 0.231400 ms CreateObjectMapping: 0.042600 ms MarkObjects: 1.783500 ms  DeleteObjects: 0.022900 ms)

========================================================================
Received Prepare
Registering precompiled user dll's ...
Registered in 0.004681 seconds.
Begin MonoManager ReloadAssembly
Native extension for WindowsStandalone target not found
Refreshing native plugins compatible for Editor in 0.59 ms, found 0 plugins.
Preloading 0 native plugins for Editor in 0.00 ms.
Invoked RoslynAnalysisRunner static constructor.
RoslynAnalysisRunner will not be running.
RoslynAnalysisRunner has terminated.
Mono: successfully reloaded assembly
- Completed reload, in  0.971 seconds
Platform modules already initialized, skipping
Refreshing native plugins compatible for Editor in 0.58 ms, found 0 plugins.
Preloading 0 native plugins for Editor in 0.00 ms.
Unloading 1598 Unused Serialized files (Serialized files now loaded: 0)
System memory in use before: 71.9 MB.
System memory in use after: 72.0 MB.

Unloading 28 unused Assets to reduce memory usage. Loaded Objects now: 2039.
Total: 2.150500 ms (FindLiveObjects: 0.218600 ms CreateObjectMapping: 0.043900 ms MarkObjects: 1.849400 ms  DeleteObjects: 0.037300 ms)

========================================================================
Received Import Request.
  Time since last request: 303.367707 seconds.
  path: Assets/Prefabs/Spells/Aura.prefab
  artifactKey: Guid(f4fe8bd73bb6381428935d79bce4b422) Importer(815301076,1909f56bfc062723c751e8b465ee728b)
Start importing Assets/Prefabs/Spells/Aura.prefab using Guid(f4fe8bd73bb6381428935d79bce4b422) Importer(815301076,1909f56bfc062723c751e8b465ee728b)  -> (artifact id: '2d91218f79bd50caf7d2010cf7ab1d82') in 0.042030 seconds
  Import took 0.045457 seconds .

========================================================================
Received Import Request.
  Time since last request: 0.000228 seconds.
  path: Assets/Prefabs/Spells/Blast.prefab
  artifactKey: Guid(44b083e447d3156449bf39d12cf2f8bd) Importer(815301076,1909f56bfc062723c751e8b465ee728b)
Start importing Assets/Prefabs/Spells/Blast.prefab using Guid(44b083e447d3156449bf39d12cf2f8bd) Importer(815301076,1909f56bfc062723c751e8b465ee728b)  -> (artifact id: '6acf65e2717c9a23a0051b0ed3ed0523') in 0.094175 seconds
  Import took 0.098175 seconds .

========================================================================
Received Import Request.
  Time since last request: 0.000273 seconds.
  path: Assets/Prefabs/Spells/Aura.prefab
  artifactKey: Guid(f4fe8bd73bb6381428935d79bce4b422) Importer(815301076,1909f56bfc062723c751e8b465ee728b)
Start importing Assets/Prefabs/Spells/Aura.prefab using Guid(f4fe8bd73bb6381428935d79bce4b422) Importer(815301076,1909f56bfc062723c751e8b465ee728b)  -> (artifact id: '2d91218f79bd50caf7d2010cf7ab1d82') in 0.004862 seconds
  Import took 0.007975 seconds .

========================================================================
Received Import Request.
  Time since last request: 5.687010 seconds.
  path: Assets/Prefabs/Spells
  artifactKey: Guid(b60d27605b7810a4dbf4124b12c56158) Importer(815301076,1909f56bfc062723c751e8b465ee728b)
Start importing Assets/Prefabs/Spells using Guid(b60d27605b7810a4dbf4124b12c56158) Importer(815301076,1909f56bfc062723c751e8b465ee728b)  -> (artifact id: '58d72e97c218459dce6eafdf53643ce0') in 0.007670 seconds
  Import took 0.011308 seconds .

========================================================================
Received Import Request.
  Time since last request: 29.064935 seconds.
  path: Assets/Prefabs/Spells/Lance.prefab
  artifactKey: Guid(c27e361e40b36eb44b2fc66289e4ba86) Importer(815301076,1909f56bfc062723c751e8b465ee728b)
Start importing Assets/Prefabs/Spells/Lance.prefab using Guid(c27e361e40b36eb44b2fc66289e4ba86) Importer(815301076,1909f56bfc062723c751e8b465ee728b)  -> (artifact id: 'c06a81741fdbbb05f7ca628b0f125913') in 0.004334 seconds
  Import took 0.007986 seconds .

========================================================================
Received Prepare
Registering precompiled user dll's ...
Registered in 0.004726 seconds.
Begin MonoManager ReloadAssembly
Native extension for WindowsStandalone target not found
Refreshing native plugins compatible for Editor in 0.59 ms, found 0 plugins.
Preloading 0 native plugins for Editor in 0.00 ms.
Invoked RoslynAnalysisRunner static constructor.
RoslynAnalysisRunner will not be running.
RoslynAnalysisRunner has terminated.
Mono: successfully reloaded assembly
- Completed reload, in  0.965 seconds
Platform modules already initialized, skipping
Refreshing native plugins compatible for Editor in 0.59 ms, found 0 plugins.
Preloading 0 native plugins for Editor in 0.00 ms.
Unloading 1598 Unused Serialized files (Serialized files now loaded: 0)
System memory in use before: 75.0 MB.
System memory in use after: 75.1 MB.

Unloading 28 unused Assets to reduce memory usage. Loaded Objects now: 2049.
Total: 2.309200 ms (FindLiveObjects: 0.312000 ms CreateObjectMapping: 0.042100 ms MarkObjects: 1.922900 ms  DeleteObjects: 0.030900 ms)

========================================================================
Received Prepare
Registering precompiled user dll's ...
Registered in 0.004717 seconds.
Begin MonoManager ReloadAssembly
Native extension for WindowsStandalone target not found
Refreshing native plugins compatible for Editor in 0.62 ms, found 0 plugins.
Preloading 0 native plugins for Editor in 0.00 ms.
Invoked RoslynAnalysisRunner static constructor.
RoslynAnalysisRunner will not be running.
RoslynAnalysisRunner has terminated.
Mono: successfully reloaded assembly
- Completed reload, in  0.960 seconds
Platform modules already initialized, skipping
Refreshing native plugins compatible for Editor in 0.59 ms, found 0 plugins.
Preloading 0 native plugins for Editor in 0.00 ms.
Unloading 1598 Unused Serialized files (Serialized files now loaded: 0)
System memory in use before: 75.0 MB.
System memory in use after: 75.1 MB.

Unloading 28 unused Assets to reduce memory usage. Loaded Objects now: 2052.
Total: 2.117200 ms (FindLiveObjects: 0.207600 ms CreateObjectMapping: 0.043300 ms MarkObjects: 1.842600 ms  DeleteObjects: 0.022500 ms)

========================================================================
Received Import Request.
  Time since last request: 1376.412280 seconds.
  path: Assets/Prefabs/Spells/Lance.prefab
  artifactKey: Guid(c27e361e40b36eb44b2fc66289e4ba86) Importer(815301076,1909f56bfc062723c751e8b465ee728b)
Start importing Assets/Prefabs/Spells/Lance.prefab using Guid(c27e361e40b36eb44b2fc66289e4ba86) Importer(815301076,1909f56bfc062723c751e8b465ee728b)  -> (artifact id: 'c678575ab32b88a45b898eec9e36a843') in 0.028736 seconds
  Import took 0.032626 seconds .

========================================================================
Received Import Request.
  Time since last request: 9.180559 seconds.
  path: Assets/Art/Player/Aura_Sheet_320x288.png
  artifactKey: Guid(4c80e866ad127fa4d87e8841208b5674) Importer(815301076,1909f56bfc062723c751e8b465ee728b)
Start importing Assets/Art/Player/Aura_Sheet_320x288.png using Guid(4c80e866ad127fa4d87e8841208b5674) Importer(815301076,1909f56bfc062723c751e8b465ee728b)  -> (artifact id: '6251059dd6f970033dd5551431f3adc8') in 0.096178 seconds
  Import took 0.099949 seconds .

========================================================================
Received Import Request.
  Time since last request: 0.000242 seconds.
  path: Assets/Art/Player/Glom_Sheet_30.png
  artifactKey: Guid(5ec4718d124a77b4b80f46bd199cebbf) Importer(815301076,1909f56bfc062723c751e8b465ee728b)
Start importing Assets/Art/Player/Glom_Sheet_30.png using Guid(5ec4718d124a77b4b80f46bd199cebbf) Importer(815301076,1909f56bfc062723c751e8b465ee728b)  -> (artifact id: '7190844e56dc57a0bb96987eb6cf12bc') in 0.040930 seconds
  Import took 0.044406 seconds .

========================================================================
Received Import Request.
  Time since last request: 0.000238 seconds.
  path: Assets/Art/Player/Spellcast_Sheet_30.png
  artifactKey: Guid(76f05b8eebffa0c438d70c28bf54647a) Importer(815301076,1909f56bfc062723c751e8b465ee728b)
Start importing Assets/Art/Player/Spellcast_Sheet_30.png using Guid(76f05b8eebffa0c438d70c28bf54647a) Importer(815301076,1909f56bfc062723c751e8b465ee728b)  -> (artifact id: 'e3cd5be7813dee0ecd17476deec5916c') in 0.026757 seconds
  Import took 0.030247 seconds .

========================================================================
Received Import Request.
  Time since last request: 0.000255 seconds.
  path: Assets/Art/Player/Spell_Blast_Sheet_30.png
  artifactKey: Guid(57dea81887babc54398fff19be95c4b2) Importer(815301076,1909f56bfc062723c751e8b465ee728b)
Start importing Assets/Art/Player/Spell_Blast_Sheet_30.png using Guid(57dea81887babc54398fff19be95c4b2) Importer(815301076,1909f56bfc062723c751e8b465ee728b)  -> (artifact id: 'ee29f6df408a61be4836b5dd0d1db50a') in 0.018790 seconds
  Import took 0.022260 seconds .

========================================================================
Received Import Request.
  Time since last request: 0.000237 seconds.
  path: Assets/Art/Player/Poof_Sheet_30.png
  artifactKey: Guid(ad8865cc4279c3c43802c9f3b155d107) Importer(815301076,1909f56bfc062723c751e8b465ee728b)
Start importing Assets/Art/Player/Poof_Sheet_30.png using Guid(ad8865cc4279c3c43802c9f3b155d107) Importer(815301076,1909f56bfc062723c751e8b465ee728b)  -> (artifact id: 'c4052ee96a8cda72cb5eb1896d3d4aed') in 0.029185 seconds
  Import took 0.032019 seconds .

========================================================================
Received Import Request.
  Time since last request: 12.391789 seconds.
  path: Assets/Art/Player/Lance_Sheet_30x90.png
  artifactKey: Guid(2080e3ab0e624104595331c96048fcbf) Importer(815301076,1909f56bfc062723c751e8b465ee728b)
Start importing Assets/Art/Player/Lance_Sheet_30x90.png using Guid(2080e3ab0e624104595331c96048fcbf) Importer(815301076,1909f56bfc062723c751e8b465ee728b)  -> (artifact id: '9102b97b43629a7605fa29ee1a8e13e0') in 0.015855 seconds
  Import took 0.020221 seconds .

========================================================================
Received Import Request.
  Time since last request: 19.637078 seconds.
  path: Assets/Art/Player/Lance_Sheet_30x90.png
  artifactKey: Guid(2080e3ab0e624104595331c96048fcbf) Importer(815301076,1909f56bfc062723c751e8b465ee728b)
Start importing Assets/Art/Player/Lance_Sheet_30x90.png using Guid(2080e3ab0e624104595331c96048fcbf) Importer(815301076,1909f56bfc062723c751e8b465ee728b)  -> (artifact id: '6fa76d7f435f1d1e8cf7013e8ec60c2f') in 0.017663 seconds
  Import took 0.021139 seconds .

========================================================================
Received Import Request.
  Time since last request: 5.998156 seconds.
  path: Assets/Art/Player/Lance_Sheet_30x90.png
  artifactKey: Guid(2080e3ab0e624104595331c96048fcbf) Importer(815301076,1909f56bfc062723c751e8b465ee728b)
Start importing Assets/Art/Player/Lance_Sheet_30x90.png using Guid(2080e3ab0e624104595331c96048fcbf) Importer(815301076,1909f56bfc062723c751e8b465ee728b)  -> (artifact id: '77c01f19df39d78d2502ad3c863f4edc') in 0.008689 seconds
  Import took 0.012216 seconds .

========================================================================
Received Import Request.
  Time since last request: 54.976823 seconds.
  path: Assets/Art/Player/Lance_Sheet_30x90.png
  artifactKey: Guid(2080e3ab0e624104595331c96048fcbf) Importer(815301076,1909f56bfc062723c751e8b465ee728b)
Start importing Assets/Art/Player/Lance_Sheet_30x90.png using Guid(2080e3ab0e624104595331c96048fcbf) Importer(815301076,1909f56bfc062723c751e8b465ee728b)  -> (artifact id: 'da438d6fb0742caad0cb81016c14421a') in 0.045456 seconds
  Import took 0.049193 seconds .

========================================================================
Received Import Request.
  Time since last request: 152.828881 seconds.
  path: Assets/Scripts/Characters/Player/Spells
  artifactKey: Guid(bcdba2d822a38194ebb5c426f8f1f4b4) Importer(815301076,1909f56bfc062723c751e8b465ee728b)
Start importing Assets/Scripts/Characters/Player/Spells using Guid(bcdba2d822a38194ebb5c426f8f1f4b4) Importer(815301076,1909f56bfc062723c751e8b465ee728b)  -> (artifact id: '475fb3275ac30cd8e5cb2a25da97181b') in 0.002806 seconds
  Import took 0.006440 seconds .

========================================================================
Received Import Request.
  Time since last request: 0.000344 seconds.
  path: Assets/Scripts/Characters/Player/Spells
  artifactKey: Guid(bcdba2d822a38194ebb5c426f8f1f4b4) Importer(815301076,1909f56bfc062723c751e8b465ee728b)
Start importing Assets/Scripts/Characters/Player/Spells using Guid(bcdba2d822a38194ebb5c426f8f1f4b4) Importer(815301076,1909f56bfc062723c751e8b465ee728b)  -> (artifact id: '475fb3275ac30cd8e5cb2a25da97181b') in 0.002521 seconds
  Import took 0.005340 seconds .

========================================================================
Received Import Request.
  Time since last request: 19.564129 seconds.
  path: Assets/Scripts/Characters/Player/Spells/LanceController.cs
  artifactKey: Guid(c39e05e377346254297b960dfc3c55c4) Importer(815301076,1909f56bfc062723c751e8b465ee728b)
Start importing Assets/Scripts/Characters/Player/Spells/LanceController.cs using Guid(c39e05e377346254297b960dfc3c55c4) Importer(815301076,1909f56bfc062723c751e8b465ee728b)  -> (artifact id: '010873e12d0f736e006e51d25f607327') in 0.007539 seconds
  Import took 0.010690 seconds .

========================================================================
Received Prepare
Registering precompiled user dll's ...
Registered in 0.005435 seconds.
Begin MonoManager ReloadAssembly
Native extension for WindowsStandalone target not found
Refreshing native plugins compatible for Editor in 0.60 ms, found 0 plugins.
Preloading 0 native plugins for Editor in 0.00 ms.
Invoked RoslynAnalysisRunner static constructor.
RoslynAnalysisRunner will not be running.
RoslynAnalysisRunner has terminated.
Mono: successfully reloaded assembly
- Completed reload, in  1.002 seconds
Platform modules already initialized, skipping
Refreshing native plugins compatible for Editor in 0.61 ms, found 0 plugins.
Preloading 0 native plugins for Editor in 0.00 ms.
Unloading 1599 Unused Serialized files (Serialized files now loaded: 0)
System memory in use before: 75.1 MB.
System memory in use after: 75.2 MB.

Unloading 28 unused Assets to reduce memory usage. Loaded Objects now: 2069.
Total: 2.179200 ms (FindLiveObjects: 0.224600 ms CreateObjectMapping: 0.049000 ms MarkObjects: 1.873800 ms  DeleteObjects: 0.030800 ms)

========================================================================
Received Prepare
Registering precompiled user dll's ...
Registered in 0.004769 seconds.
Begin MonoManager ReloadAssembly
Native extension for WindowsStandalone target not found
Refreshing native plugins compatible for Editor in 0.59 ms, found 0 plugins.
Preloading 0 native plugins for Editor in 0.00 ms.
Invoked RoslynAnalysisRunner static constructor.
RoslynAnalysisRunner will not be running.
RoslynAnalysisRunner has terminated.
Mono: successfully reloaded assembly
- Completed reload, in  0.974 seconds
Platform modules already initialized, skipping
Refreshing native plugins compatible for Editor in 0.60 ms, found 0 plugins.
Preloading 0 native plugins for Editor in 0.00 ms.
Unloading 1599 Unused Serialized files (Serialized files now loaded: 0)
System memory in use before: 75.1 MB.
System memory in use after: 75.2 MB.

Unloading 28 unused Assets to reduce memory usage. Loaded Objects now: 2072.
Total: 2.181400 ms (FindLiveObjects: 0.255800 ms CreateObjectMapping: 0.045400 ms MarkObjects: 1.855500 ms  DeleteObjects: 0.023500 ms)

========================================================================
Received Prepare
Registering precompiled user dll's ...
Registered in 0.004752 seconds.
Begin MonoManager ReloadAssembly
Native extension for WindowsStandalone target not found
Refreshing native plugins compatible for Editor in 0.60 ms, found 0 plugins.
Preloading 0 native plugins for Editor in 0.00 ms.
Invoked RoslynAnalysisRunner static constructor.
RoslynAnalysisRunner will not be running.
RoslynAnalysisRunner has terminated.
Mono: successfully reloaded assembly
- Completed reload, in  0.963 seconds
Platform modules already initialized, skipping
Refreshing native plugins compatible for Editor in 0.59 ms, found 0 plugins.
Preloading 0 native plugins for Editor in 0.00 ms.
Unloading 1599 Unused Serialized files (Serialized files now loaded: 0)
System memory in use before: 75.1 MB.
System memory in use after: 75.2 MB.

Unloading 28 unused Assets to reduce memory usage. Loaded Objects now: 2075.
Total: 2.254200 ms (FindLiveObjects: 0.255400 ms CreateObjectMapping: 0.044000 ms MarkObjects: 1.925300 ms  DeleteObjects: 0.028500 ms)

AssetImportWorkerClient::OnTransportError - code=2 error=End of file
